<?xml version="1.0" encoding="UTF-8"?>
<testng-results ignored="0" total="1" passed="1" failed="0" skipped="0">
  <reporter-output>
  </reporter-output>
  <suite started-at="2024-02-28T05:21:58 IST" name="Default suite" finished-at="2024-02-28T05:24:40 IST" duration-ms="161793">
    <groups>
    </groups>
    <test started-at="2024-02-28T05:21:58 IST" name="Default test" finished-at="2024-02-28T05:24:40 IST" duration-ms="161793">
      <class name="testscripts.multipleProducts">
        <test-method is-config="true" signature="openApp()[pri:0, instance:testscripts.multipleProducts@2b91004a]" started-at="2024-02-28T05:21:58 IST" name="openApp" finished-at="2024-02-28T05:22:01 IST" duration-ms="3127" status="PASS">
          <reporter-output>
          </reporter-output>
        </test-method> <!-- openApp -->
        <test-method signature="testProduct()[pri:0, instance:testscripts.multipleProducts@2b91004a]" started-at="2024-02-28T05:22:01 IST" name="testProduct" finished-at="2024-02-28T05:24:39 IST" duration-ms="158172" status="PASS">
          <reporter-output>
          </reporter-output>
        </test-method> <!-- testProduct -->
        <test-method is-config="true" signature="CloseApp(org.testng.ITestResult)[pri:0, instance:testscripts.multipleProducts@2b91004a]" started-at="2024-02-28T05:24:39 IST" name="CloseApp" finished-at="2024-02-28T05:24:40 IST" duration-ms="445" status="PASS">
          <params>
            <param index="0">
              <value>
                <![CDATA[[TestResult name=testProduct status=SUCCESS method=multipleProducts.testProduct()[pri:0, instance:testscripts.multipleProducts@2b91004a] output={null}]]]>
              </value>
            </param>
          </params>
          <reporter-output>
          </reporter-output>
        </test-method> <!-- CloseApp -->
      </class> <!-- testscripts.multipleProducts -->
    </test> <!-- Default test -->
  </suite> <!-- Default suite -->
</testng-results>
